[0.008s] Invoking command in '/home/connor/git/robo-studio-starrdrakon/41068_ws/build/41068_ignition_bringup': CMAKE_PREFIX_PATH=${CMAKE_PREFIX_PATH}:/opt/ros/humble /usr/bin/cmake /home/connor/git/robo-studio-starrdrakon/41068_ws/src/41068_ignition_bringup -DAMENT_CMAKE_SYMLINK_INSTALL=1 -DCMAKE_INSTALL_PREFIX=/home/connor/git/robo-studio-starrdrakon/41068_ws/install/41068_ignition_bringup
[0.023s] -- Found ament_cmake: 1.3.12 (/opt/ros/humble/share/ament_cmake/cmake)
[0.093s] -- Override CMake install command with custom implementation using symlinks instead of copying resources
[0.100s] -- Found ros_ign_interfaces: 0.244.20 (/opt/ros/humble/share/ros_ign_interfaces/cmake)
[0.122s] -- Found rosidl_generator_c: 3.1.7 (/opt/ros/humble/share/rosidl_generator_c/cmake)
[0.126s] -- Found rosidl_adapter: 3.1.7 (/opt/ros/humble/share/rosidl_adapter/cmake)
[0.132s] -- Found rosidl_generator_cpp: 3.1.7 (/opt/ros/humble/share/rosidl_generator_cpp/cmake)
[0.140s] -- Using all available rosidl_typesupport_c: rosidl_typesupport_fastrtps_c;rosidl_typesupport_introspection_c
[0.150s] -- Using all available rosidl_typesupport_cpp: rosidl_typesupport_fastrtps_cpp;rosidl_typesupport_introspection_cpp
[0.205s] -- Found ament_lint_auto: 0.12.14 (/opt/ros/humble/share/ament_lint_auto/cmake)
[0.237s] WARNING: Package name "41068_ignition_bringup" does not follow the naming conventions. It should start with a lower case letter and only contain lower case letters, digits, underscores, and dashes.
[0.256s] -- Added test 'copyright' to check source files copyright and LICENSE
[0.260s] -- Added test 'flake8' to check Python code syntax and style conventions
[0.260s] -- Added test 'lint_cmake' to check CMake code style
[0.260s] -- Added test 'pep257' to check Python code against some of the docstring style conventions in PEP 257
[0.262s] -- Added test 'xmllint' to check XML markup files
[0.262s] -- Configuring done
[0.266s] -- Generating done
[0.267s] -- Build files have been written to: /home/connor/git/robo-studio-starrdrakon/41068_ws/build/41068_ignition_bringup
[0.271s] Invoked command in '/home/connor/git/robo-studio-starrdrakon/41068_ws/build/41068_ignition_bringup' returned '0': CMAKE_PREFIX_PATH=${CMAKE_PREFIX_PATH}:/opt/ros/humble /usr/bin/cmake /home/connor/git/robo-studio-starrdrakon/41068_ws/src/41068_ignition_bringup -DAMENT_CMAKE_SYMLINK_INSTALL=1 -DCMAKE_INSTALL_PREFIX=/home/connor/git/robo-studio-starrdrakon/41068_ws/install/41068_ignition_bringup
[0.272s] Invoking command in '/home/connor/git/robo-studio-starrdrakon/41068_ws/build/41068_ignition_bringup': CMAKE_PREFIX_PATH=${CMAKE_PREFIX_PATH}:/opt/ros/humble /usr/bin/cmake --build /home/connor/git/robo-studio-starrdrakon/41068_ws/build/41068_ignition_bringup -- -j16 -l16
[0.298s] Invoked command in '/home/connor/git/robo-studio-starrdrakon/41068_ws/build/41068_ignition_bringup' returned '0': CMAKE_PREFIX_PATH=${CMAKE_PREFIX_PATH}:/opt/ros/humble /usr/bin/cmake --build /home/connor/git/robo-studio-starrdrakon/41068_ws/build/41068_ignition_bringup -- -j16 -l16
[0.305s] Invoking command in '/home/connor/git/robo-studio-starrdrakon/41068_ws/build/41068_ignition_bringup': CMAKE_PREFIX_PATH=${CMAKE_PREFIX_PATH}:/opt/ros/humble /usr/bin/cmake --install /home/connor/git/robo-studio-starrdrakon/41068_ws/build/41068_ignition_bringup
[0.309s] -- Install configuration: ""
[0.309s] -- Execute custom install script
[0.310s] -- Symlinking: /home/connor/git/robo-studio-starrdrakon/41068_ws/install/41068_ignition_bringup/share/41068_ignition_bringup/config/41068.rviz
[0.317s] -- Symlinking: /home/connor/git/robo-studio-starrdrakon/41068_ws/install/41068_ignition_bringup/share/41068_ignition_bringup/config/gazebo_bridge.yaml
[0.322s] -- Symlinking: /home/connor/git/robo-studio-starrdrakon/41068_ws/install/41068_ignition_bringup/share/41068_ignition_bringup/config/nav2_params.yaml
[0.327s] -- Symlinking: /home/connor/git/robo-studio-starrdrakon/41068_ws/install/41068_ignition_bringup/share/41068_ignition_bringup/config/robot_localization.yaml
[0.333s] -- Symlinking: /home/connor/git/robo-studio-starrdrakon/41068_ws/install/41068_ignition_bringup/share/41068_ignition_bringup/config/slam_params.yaml
[0.338s] -- Symlinking: /home/connor/git/robo-studio-starrdrakon/41068_ws/install/41068_ignition_bringup/share/41068_ignition_bringup/launch/41068_ignition.launch.py
[0.343s] -- Symlinking: /home/connor/git/robo-studio-starrdrakon/41068_ws/install/41068_ignition_bringup/share/41068_ignition_bringup/launch/41068_navigation.launch.py
[0.350s] -- Symlinking: /home/connor/git/robo-studio-starrdrakon/41068_ws/install/41068_ignition_bringup/share/41068_ignition_bringup/models/forest_plane/materials/textures/empty_grass.png
[0.356s] -- Symlinking: /home/connor/git/robo-studio-starrdrakon/41068_ws/install/41068_ignition_bringup/share/41068_ignition_bringup/models/forest_plane/materials/textures/forest_overhead.png
[0.362s] -- Symlinking: /home/connor/git/robo-studio-starrdrakon/41068_ws/install/41068_ignition_bringup/share/41068_ignition_bringup/models/forest_plane/materials/textures/leaf_litter.png
[0.369s] -- Symlinking: /home/connor/git/robo-studio-starrdrakon/41068_ws/install/41068_ignition_bringup/share/41068_ignition_bringup/models/forest_plane/model.config
[0.375s] -- Symlinking: /home/connor/git/robo-studio-starrdrakon/41068_ws/install/41068_ignition_bringup/share/41068_ignition_bringup/models/forest_plane/model.sdf
[0.381s] -- Symlinking: /home/connor/git/robo-studio-starrdrakon/41068_ws/install/41068_ignition_bringup/share/41068_ignition_bringup/models/forest_wall/materials/textures/forest_wall.png
[0.388s] -- Symlinking: /home/connor/git/robo-studio-starrdrakon/41068_ws/install/41068_ignition_bringup/share/41068_ignition_bringup/models/forest_wall/materials/textures/forest_wall_transparent.png
[0.394s] -- Symlinking: /home/connor/git/robo-studio-starrdrakon/41068_ws/install/41068_ignition_bringup/share/41068_ignition_bringup/models/forest_wall/materials/textures/forest_wall_transparent_small.png
[0.400s] -- Symlinking: /home/connor/git/robo-studio-starrdrakon/41068_ws/install/41068_ignition_bringup/share/41068_ignition_bringup/models/forest_wall/model.config
[0.406s] -- Symlinking: /home/connor/git/robo-studio-starrdrakon/41068_ws/install/41068_ignition_bringup/share/41068_ignition_bringup/models/forest_wall/model.sdf
[0.412s] -- Symlinking: /home/connor/git/robo-studio-starrdrakon/41068_ws/install/41068_ignition_bringup/share/41068_ignition_bringup/models/grass_plane/materials/textures/empty_grass.png
[0.418s] -- Symlinking: /home/connor/git/robo-studio-starrdrakon/41068_ws/install/41068_ignition_bringup/share/41068_ignition_bringup/models/grass_plane/model.config
[0.424s] -- Symlinking: /home/connor/git/robo-studio-starrdrakon/41068_ws/install/41068_ignition_bringup/share/41068_ignition_bringup/models/grass_plane/model.sdf
[0.430s] -- Symlinking: /home/connor/git/robo-studio-starrdrakon/41068_ws/install/41068_ignition_bringup/share/41068_ignition_bringup/urdf/common_properties.urdf.xacro
[0.437s] -- Symlinking: /home/connor/git/robo-studio-starrdrakon/41068_ws/install/41068_ignition_bringup/share/41068_ignition_bringup/urdf/husky.gazebo.xacro
[0.445s] -- Symlinking: /home/connor/git/robo-studio-starrdrakon/41068_ws/install/41068_ignition_bringup/share/41068_ignition_bringup/urdf/husky.urdf.xacro
[0.450s] -- Symlinking: /home/connor/git/robo-studio-starrdrakon/41068_ws/install/41068_ignition_bringup/share/41068_ignition_bringup/urdf/meshes/base_link.dae
[0.455s] -- Symlinking: /home/connor/git/robo-studio-starrdrakon/41068_ws/install/41068_ignition_bringup/share/41068_ignition_bringup/urdf/meshes/bumper.dae
[0.460s] -- Symlinking: /home/connor/git/robo-studio-starrdrakon/41068_ws/install/41068_ignition_bringup/share/41068_ignition_bringup/urdf/meshes/jpl04_arch_nosensor.stl
[0.465s] -- Symlinking: /home/connor/git/robo-studio-starrdrakon/41068_ws/install/41068_ignition_bringup/share/41068_ignition_bringup/urdf/meshes/top_chassis.dae
[0.470s] -- Symlinking: /home/connor/git/robo-studio-starrdrakon/41068_ws/install/41068_ignition_bringup/share/41068_ignition_bringup/urdf/meshes/top_plate.dae
[0.476s] -- Symlinking: /home/connor/git/robo-studio-starrdrakon/41068_ws/install/41068_ignition_bringup/share/41068_ignition_bringup/urdf/meshes/wheel.dae
[0.485s] -- Symlinking: /home/connor/git/robo-studio-starrdrakon/41068_ws/install/41068_ignition_bringup/share/41068_ignition_bringup/urdf/wheel.urdf.xacro
[0.491s] -- Symlinking: /home/connor/git/robo-studio-starrdrakon/41068_ws/install/41068_ignition_bringup/share/41068_ignition_bringup/worlds/large_demo.sdf
[0.497s] -- Symlinking: /home/connor/git/robo-studio-starrdrakon/41068_ws/install/41068_ignition_bringup/share/41068_ignition_bringup/worlds/simple_trees.sdf
[0.503s] -- Symlinking: /home/connor/git/robo-studio-starrdrakon/41068_ws/install/41068_ignition_bringup/share/ament_index/resource_index/package_run_dependencies/41068_ignition_bringup
[0.508s] -- Symlinking: /home/connor/git/robo-studio-starrdrakon/41068_ws/install/41068_ignition_bringup/share/ament_index/resource_index/parent_prefix_path/41068_ignition_bringup
[0.513s] -- Symlinking: /home/connor/git/robo-studio-starrdrakon/41068_ws/install/41068_ignition_bringup/share/41068_ignition_bringup/environment/ament_prefix_path.sh
[0.522s] -- Symlinking: /home/connor/git/robo-studio-starrdrakon/41068_ws/install/41068_ignition_bringup/share/41068_ignition_bringup/environment/ament_prefix_path.dsv
[0.532s] -- Symlinking: /home/connor/git/robo-studio-starrdrakon/41068_ws/install/41068_ignition_bringup/share/41068_ignition_bringup/environment/path.sh
[0.540s] -- Symlinking: /home/connor/git/robo-studio-starrdrakon/41068_ws/install/41068_ignition_bringup/share/41068_ignition_bringup/environment/path.dsv
[0.546s] -- Symlinking: /home/connor/git/robo-studio-starrdrakon/41068_ws/install/41068_ignition_bringup/share/41068_ignition_bringup/local_setup.bash
[0.553s] -- Symlinking: /home/connor/git/robo-studio-starrdrakon/41068_ws/install/41068_ignition_bringup/share/41068_ignition_bringup/local_setup.sh
[0.559s] -- Symlinking: /home/connor/git/robo-studio-starrdrakon/41068_ws/install/41068_ignition_bringup/share/41068_ignition_bringup/local_setup.zsh
[0.565s] -- Symlinking: /home/connor/git/robo-studio-starrdrakon/41068_ws/install/41068_ignition_bringup/share/41068_ignition_bringup/local_setup.dsv
[0.570s] -- Symlinking: /home/connor/git/robo-studio-starrdrakon/41068_ws/install/41068_ignition_bringup/share/41068_ignition_bringup/package.dsv
[0.576s] -- Symlinking: /home/connor/git/robo-studio-starrdrakon/41068_ws/install/41068_ignition_bringup/share/ament_index/resource_index/packages/41068_ignition_bringup
[0.585s] -- Symlinking: /home/connor/git/robo-studio-starrdrakon/41068_ws/install/41068_ignition_bringup/share/41068_ignition_bringup/cmake/41068_ignition_bringupConfig.cmake
[0.594s] -- Symlinking: /home/connor/git/robo-studio-starrdrakon/41068_ws/install/41068_ignition_bringup/share/41068_ignition_bringup/cmake/41068_ignition_bringupConfig-version.cmake
[0.604s] -- Symlinking: /home/connor/git/robo-studio-starrdrakon/41068_ws/install/41068_ignition_bringup/share/41068_ignition_bringup/package.xml
[0.612s] Invoked command in '/home/connor/git/robo-studio-starrdrakon/41068_ws/build/41068_ignition_bringup' returned '0': CMAKE_PREFIX_PATH=${CMAKE_PREFIX_PATH}:/opt/ros/humble /usr/bin/cmake --install /home/connor/git/robo-studio-starrdrakon/41068_ws/build/41068_ignition_bringup
