[0.007s] Invoking command in '/home/connor/git/robo-studio-starrdrakon/41068_ws/build/41068_ignition_bringup': CMAKE_PREFIX_PATH=${CMAKE_PREFIX_PATH}:/opt/ros/humble /usr/bin/cmake /home/connor/git/robo-studio-starrdrakon/41068_ws/src/41068_ignition_bringup -DAMENT_CMAKE_SYMLINK_INSTALL=1 -DCMAKE_INSTALL_PREFIX=/home/connor/git/robo-studio-starrdrakon/41068_ws/install/41068_ignition_bringup
[0.121s] -- The C compiler identification is GNU 11.4.0
[0.193s] -- The CXX compiler identification is GNU 11.4.0
[0.200s] -- Detecting C compiler ABI info
[0.258s] -- Detecting C compiler ABI info - done
[0.263s] -- Check for working C compiler: /usr/bin/cc - skipped
[0.264s] -- Detecting C compile features
[0.264s] -- Detecting C compile features - done
[0.267s] -- Detecting CXX compiler ABI info
[0.327s] -- Detecting CXX compiler ABI info - done
[0.334s] -- Check for working CXX compiler: /usr/bin/c++ - skipped
[0.334s] -- Detecting CXX compile features
[0.334s] -- Detecting CXX compile features - done
[0.339s] -- Found ament_cmake: 1.3.11 (/opt/ros/humble/share/ament_cmake/cmake)
[0.441s] -- Found Python3: /usr/bin/python3 (found version "3.10.12") found components: Interpreter 
[0.484s] -- Override CMake install command with custom implementation using symlinks instead of copying resources
[0.515s] [31mCMake Error at CMakeLists.txt:11 (find_package):
[0.515s]   By not providing "Findros_ign_interfaces.cmake" in CMAKE_MODULE_PATH this
[0.515s]   project has asked CMake to find a package configuration file provided by
[0.515s]   "ros_ign_interfaces", but CMake did not find one.
[0.515s] 
[0.515s]   Could not find a package configuration file provided by
[0.515s]   "ros_ign_interfaces" with any of the following names:
[0.515s] 
[0.515s]     ros_ign_interfacesConfig.cmake
[0.515s]     ros_ign_interfaces-config.cmake
[0.515s] 
[0.515s]   Add the installation prefix of "ros_ign_interfaces" to CMAKE_PREFIX_PATH or
[0.515s]   set "ros_ign_interfaces_DIR" to a directory containing one of the above
[0.515s]   files.  If "ros_ign_interfaces" provides a separate development package or
[0.515s]   SDK, be sure it has been installed.
[0.515s] 
[0.515s] [0m
[0.515s] -- Configuring incomplete, errors occurred!
[0.515s] See also "/home/connor/git/robo-studio-starrdrakon/41068_ws/build/41068_ignition_bringup/CMakeFiles/CMakeOutput.log".
[0.518s] Invoked command in '/home/connor/git/robo-studio-starrdrakon/41068_ws/build/41068_ignition_bringup' returned '1': CMAKE_PREFIX_PATH=${CMAKE_PREFIX_PATH}:/opt/ros/humble /usr/bin/cmake /home/connor/git/robo-studio-starrdrakon/41068_ws/src/41068_ignition_bringup -DAMENT_CMAKE_SYMLINK_INSTALL=1 -DCMAKE_INSTALL_PREFIX=/home/connor/git/robo-studio-starrdrakon/41068_ws/install/41068_ignition_bringup
